Changes detected, waiting 5 seconds for file operations to complete...
Running organizer...
2025-05-26 14:20:06,199 - INFO - Moved Jump 1 - Video 1 - 12-49.MP4 to 2025-04-20
2025-05-26 14:20:13,181 - INFO - Processing directory: /Volumes/Connor SSD/Skydiving/organized/2025-05-25
2025-05-26 14:20:13,185 - INFO - Processing directory: /Volumes/Connor SSD/Skydiving/organized/2025-05-23
2025-05-26 14:20:13,188 - INFO - Processing directory: /Volumes/Connor SSD/Skydiving/organized/2025-05-22
2025-05-26 14:20:13,191 - INFO - Processing directory: /Volumes/Connor SSD/Skydiving/organized/2025-05-21
2025-05-26 14:20:13,194 - INFO - Processing directory: /Volumes/Connor SSD/Skydiving/organized/2025-04-20
Changes detected, waiting 5 seconds for file operations to complete...
Running organizer...
2025-05-26 14:20:22,228 - INFO - Processing directory: /Volumes/Connor SSD/Skydiving/organized/2025-05-25
2025-05-26 14:20:22,231 - INFO - Processing directory: /Volumes/Connor SSD/Skydiving/organized/2025-05-23
2025-05-26 14:20:22,232 - INFO - Processing directory: /Volumes/Connor SSD/Skydiving/organized/2025-05-22
2025-05-26 14:20:22,234 - INFO - Processing directory: /Volumes/Connor SSD/Skydiving/organized/2025-05-21
2025-05-26 14:20:22,236 - INFO - Processing directory: /Volumes/Connor SSD/Skydiving/organized/2025-04-20
Changes detected, waiting 5 seconds for file operations to complete...
Running organizer...
Organizer completed.

Changes detected, waiting 5 seconds for file operations to complete...
Running organizer...
Organizer completed.

Changes detected, waiting 5 seconds for file operations to complete...
Running organizer...
Organizer completed.

Changes detected, waiting 5 seconds for file operations to complete...
Running organizer...
Organizer completed.

Changes detected, waiting 5 seconds for file operations to complete...
Running organizer...
Organizer completed.

Changes detected, waiting 5 seconds for file operations to complete...
Running organizer...
Organizer completed.

Changes detected, waiting 5 seconds for file operations to complete...
Running organizer...
Organizer completed.

Changes detected, waiting 5 seconds for file operations to complete...
Running organizer...
Organizer completed.

Changes detected, waiting 5 seconds for file operations to complete...
Running organizer...
Organizer completed.

Changes detected, waiting 5 seconds for file operations to complete...
Running organizer...
Organizer completed.

